Starting AssetCooker...
Argument '--shaders' has been deprecated and is no longer used.
XLP cook starting...
E:\stuff\civilization6edit\Tubo\Tubo\XLPs\Tubo.xlp
Opened output file: C:\Users\forev\Documents\My Games\Sid Meier's Civilization VI\Mods\Tubo\Platforms\MacOS\BLPs/Tubo.blp    For XLP: 'E:\stuff\civilization6edit\Tubo\Tubo\XLPs\Tubo.xlp'
Could not load digest key: ''.  Using mod key to sign BLP.
Starting 'Tubo'
Loading error asset: (UIErrorTexture)
Replacing asset: (ICON_CIVILIZATION_TUBO_128) in entry (ICON_CIVILIZATION_TUBO_128) with error asset
Replacing asset: (ICON_CIVILIZATION_TUBO_200) in entry (ICON_CIVILIZATION_TUBO_200) with error asset
Replacing asset: (ICON_CIVILIZATION_TUBO_22) in entry (ICON_CIVILIZATION_TUBO_22) with error asset
Replacing asset: (ICON_CIVILIZATION_TUBO_256) in entry (ICON_CIVILIZATION_TUBO_256) with error asset
Replacing asset: (ICON_CIVILIZATION_TUBO_30) in entry (ICON_CIVILIZATION_TUBO_30) with error asset
Replacing asset: (ICON_CIVILIZATION_TUBO_32) in entry (ICON_CIVILIZATION_TUBO_32) with error asset
Replacing asset: (ICON_CIVILIZATION_TUBO_36) in entry (ICON_CIVILIZATION_TUBO_36) with error asset
Replacing asset: (ICON_CIVILIZATION_TUBO_44) in entry (ICON_CIVILIZATION_TUBO_44) with error asset
Replacing asset: (ICON_CIVILIZATION_TUBO_45) in entry (ICON_CIVILIZATION_TUBO_45) with error asset
Replacing asset: (ICON_CIVILIZATION_TUBO_48) in entry (ICON_CIVILIZATION_TUBO_48) with error asset
Replacing asset: (ICON_CIVILIZATION_TUBO_50) in entry (ICON_CIVILIZATION_TUBO_50) with error asset
Replacing asset: (ICON_CIVILIZATION_TUBO_64) in entry (ICON_CIVILIZATION_TUBO_64) with error asset
Replacing asset: (ICON_CIVILIZATION_TUBO_80) in entry (ICON_CIVILIZATION_TUBO_80) with error asset
Replacing asset: (ICON_LEADER_SONGTSAN_256) in entry (ICON_LEADER_SONGTSAN_256) with error asset
Replacing asset: (ICON_LEADER_SONGTSAN_32) in entry (ICON_LEADER_SONGTSAN_32) with error asset
Replacing asset: (ICON_LEADER_SONGTSAN_45) in entry (ICON_LEADER_SONGTSAN_45) with error asset
Replacing asset: (ICON_LEADER_SONGTSAN_48) in entry (ICON_LEADER_SONGTSAN_48) with error asset
Replacing asset: (ICON_LEADER_SONGTSAN_50) in entry (ICON_LEADER_SONGTSAN_50) with error asset
Replacing asset: (ICON_LEADER_SONGTSAN_55) in entry (ICON_LEADER_SONGTSAN_55) with error asset
Replacing asset: (ICON_LEADER_SONGTSAN_64) in entry (ICON_LEADER_SONGTSAN_64) with error asset
Replacing asset: (ICON_LEADER_SONGTSAN_80) in entry (ICON_LEADER_SONGTSAN_80) with error asset
The following 21 entities had errors:
Textures: 21
    ICON_CIVILIZATION_TUBO_128
    ICON_CIVILIZATION_TUBO_200
    ICON_CIVILIZATION_TUBO_22
    ICON_CIVILIZATION_TUBO_256
    ICON_CIVILIZATION_TUBO_30
    ICON_CIVILIZATION_TUBO_32
    ICON_CIVILIZATION_TUBO_36
    ICON_CIVILIZATION_TUBO_44
    ICON_CIVILIZATION_TUBO_45
    ICON_CIVILIZATION_TUBO_48
    ICON_CIVILIZATION_TUBO_50
    ICON_CIVILIZATION_TUBO_64
    ICON_CIVILIZATION_TUBO_80
    ICON_LEADER_SONGTSAN_256
    ICON_LEADER_SONGTSAN_32
    ICON_LEADER_SONGTSAN_45
    ICON_LEADER_SONGTSAN_48
    ICON_LEADER_SONGTSAN_50
    ICON_LEADER_SONGTSAN_55
    ICON_LEADER_SONGTSAN_64
    ICON_LEADER_SONGTSAN_80

****** Log from Texture: 'ICON_CIVILIZATION_TUBO_128' (ERRORS!!) ********
--------------
I/O error reading XML: E:\stuff\civilization6edit\Tubo\Tubo/Textures/ICON_CIVILIZATION_TUBO_128.tex

****** Log from Texture: 'ICON_CIVILIZATION_TUBO_200' (ERRORS!!) ********
--------------
I/O error reading XML: E:\stuff\civilization6edit\Tubo\Tubo/Textures/ICON_CIVILIZATION_TUBO_200.tex

****** Log from Texture: 'ICON_CIVILIZATION_TUBO_22' (ERRORS!!) ********
--------------
I/O error reading XML: E:\stuff\civilization6edit\Tubo\Tubo/Textures/ICON_CIVILIZATION_TUBO_22.tex

****** Log from Texture: 'ICON_CIVILIZATION_TUBO_256' (ERRORS!!) ********
--------------
I/O error reading XML: E:\stuff\civilization6edit\Tubo\Tubo/Textures/ICON_CIVILIZATION_TUBO_256.tex

****** Log from Texture: 'ICON_CIVILIZATION_TUBO_30' (ERRORS!!) ********
--------------
I/O error reading XML: E:\stuff\civilization6edit\Tubo\Tubo/Textures/ICON_CIVILIZATION_TUBO_30.tex

****** Log from Texture: 'ICON_CIVILIZATION_TUBO_32' (ERRORS!!) ********
--------------
I/O error reading XML: E:\stuff\civilization6edit\Tubo\Tubo/Textures/ICON_CIVILIZATION_TUBO_32.tex

****** Log from Texture: 'ICON_CIVILIZATION_TUBO_36' (ERRORS!!) ********
--------------
I/O error reading XML: E:\stuff\civilization6edit\Tubo\Tubo/Textures/ICON_CIVILIZATION_TUBO_36.tex

****** Log from Texture: 'ICON_CIVILIZATION_TUBO_44' (ERRORS!!) ********
--------------
I/O error reading XML: E:\stuff\civilization6edit\Tubo\Tubo/Textures/ICON_CIVILIZATION_TUBO_44.tex

****** Log from Texture: 'ICON_CIVILIZATION_TUBO_45' (ERRORS!!) ********
--------------
I/O error reading XML: E:\stuff\civilization6edit\Tubo\Tubo/Textures/ICON_CIVILIZATION_TUBO_45.tex

****** Log from Texture: 'ICON_CIVILIZATION_TUBO_48' (ERRORS!!) ********
--------------
I/O error reading XML: E:\stuff\civilization6edit\Tubo\Tubo/Textures/ICON_CIVILIZATION_TUBO_48.tex

****** Log from Texture: 'ICON_CIVILIZATION_TUBO_50' (ERRORS!!) ********
--------------
I/O error reading XML: E:\stuff\civilization6edit\Tubo\Tubo/Textures/ICON_CIVILIZATION_TUBO_50.tex

****** Log from Texture: 'ICON_CIVILIZATION_TUBO_64' (ERRORS!!) ********
--------------
I/O error reading XML: E:\stuff\civilization6edit\Tubo\Tubo/Textures/ICON_CIVILIZATION_TUBO_64.tex

****** Log from Texture: 'ICON_CIVILIZATION_TUBO_80' (ERRORS!!) ********
--------------
I/O error reading XML: E:\stuff\civilization6edit\Tubo\Tubo/Textures/ICON_CIVILIZATION_TUBO_80.tex

****** Log from Texture: 'ICON_LEADER_SONGTSAN_256' (ERRORS!!) ********
--------------
I/O error reading XML: E:\stuff\civilization6edit\Tubo\Tubo/Textures/ICON_LEADER_SONGTSAN_256.tex

****** Log from Texture: 'ICON_LEADER_SONGTSAN_32' (ERRORS!!) ********
--------------
I/O error reading XML: E:\stuff\civilization6edit\Tubo\Tubo/Textures/ICON_LEADER_SONGTSAN_32.tex

****** Log from Texture: 'ICON_LEADER_SONGTSAN_45' (ERRORS!!) ********
--------------
I/O error reading XML: E:\stuff\civilization6edit\Tubo\Tubo/Textures/ICON_LEADER_SONGTSAN_45.tex

****** Log from Texture: 'ICON_LEADER_SONGTSAN_48' (ERRORS!!) ********
--------------
I/O error reading XML: E:\stuff\civilization6edit\Tubo\Tubo/Textures/ICON_LEADER_SONGTSAN_48.tex

****** Log from Texture: 'ICON_LEADER_SONGTSAN_50' (ERRORS!!) ********
--------------
I/O error reading XML: E:\stuff\civilization6edit\Tubo\Tubo/Textures/ICON_LEADER_SONGTSAN_50.tex

****** Log from Texture: 'ICON_LEADER_SONGTSAN_55' (ERRORS!!) ********
--------------
I/O error reading XML: E:\stuff\civilization6edit\Tubo\Tubo/Textures/ICON_LEADER_SONGTSAN_55.tex

****** Log from Texture: 'ICON_LEADER_SONGTSAN_64' (ERRORS!!) ********
--------------
I/O error reading XML: E:\stuff\civilization6edit\Tubo\Tubo/Textures/ICON_LEADER_SONGTSAN_64.tex

****** Log from Texture: 'ICON_LEADER_SONGTSAN_80' (ERRORS!!) ********
--------------
I/O error reading XML: E:\stuff\civilization6edit\Tubo\Tubo/Textures/ICON_LEADER_SONGTSAN_80.tex
Load finished for: 'Tubo' in 0.001 seconds
Cook finished for: 'Tubo' in 0.001 seconds
Disk write finished for: 'Tubo' in 0.041 seconds
Cleanup finished for: 'Tubo' in 0.000 seconds
XLP cook completed with success.
Cook completed in 0.050 seconds